<?xml version="1.0" encoding="UTF-8"?>
<!-- Generated by org.testng.reporters.JUnitXMLReporter -->
<testsuite hostname="Sairam" ignored="0" name="Test" tests="2" failures="1" timestamp="2019-09-20T13:15:21 IST" time="0.17" errors="0">
  <testcase name="m1" time="0.029" classname="com.nbrown.dataprovider.B"/>
  <testcase name="m2" time="0.015" classname="com.nbrown.dataprovider.B">
    <failure type="java.lang.AssertionError">
      <![CDATA[java.lang.AssertionError
at org.junit.Assert.fail(Assert.java:86)
at org.junit.Assert.assertTrue(Assert.java:41)
at org.junit.Assert.assertTrue(Assert.java:52)
at com.nbrown.dataprovider.B.m2(B.java:17)
at java.util.ArrayList.forEach(Unknown Source)
... Removed 27 stack frames]]>
    </failure>
  </testcase> <!-- m2 -->
</testsuite> <!-- Test -->
