<?xml version="1.0" encoding="UTF-8"?>
<testng-results skipped="0" failed="0" ignored="0" total="1" passed="1">
  <reporter-output>
  </reporter-output>
  <suite name="Default suite" duration-ms="33638" started-at="2019-09-21T11:36:17 IST" finished-at="2019-09-21T11:36:50 IST">
    <groups>
    </groups>
    <test name="Default test" duration-ms="33638" started-at="2019-09-21T11:36:17 IST" finished-at="2019-09-21T11:36:50 IST">
      <class name="com.nbrown.testscenario.JDW.Run">
        <test-method status="PASS" signature="test()[pri:0, instance:com.nbrown.testscenario.JDW.Run@3a5ed7a6]" name="test" duration-ms="33463" started-at="2019-09-21T11:36:17 IST" finished-at="2019-09-21T11:36:50 IST">
          <reporter-output>
          </reporter-output>
        </test-method> <!-- test -->
      </class> <!-- com.nbrown.testscenario.JDW.Run -->
    </test> <!-- Default test -->
  </suite> <!-- Default suite -->
</testng-results>
